HAdapt.c:   Dispose(&gstack,mat);
HAdapt.c:      if (ac != NULL) Dispose(&gstack,ac);
HAdapt.c:    if (oc != NULL) Dispose(&gstack,oc);
HAdapt.c:   Dispose(&gstack,InvG);
HAdapt.c:   Dispose(&gstack,InvG);
HAdapt.c:   Dispose(&gstack,accs);
HAdapt.c:    Dispose(&gstack,accs);
HArc.c:   Dispose( &gstack , arclist );
HAudio.c:   Dispose(a->mem,a);
HAudio.c:   Dispose(a->mem,a);
HCUDA.cu:void DevDispose(void *devPtr, size_t size) {
HCUDA.h:void DevDispose(void *devPtr, size_t size);
HDict.c:         Dispose(&voc->pronHeap,p);
HDict.c:      Dispose(&voc->wordHeap,word);
HDict.c:      Dispose(&voc->pronHeap, pron);
HFBLat.c:   Dispose(&fbInfo->tempStack, correctArc);
HFBLat.c:   Dispose(&fbInfo->tempStack, correctArc);
HLat.c:      Dispose (heap, ln->hook);
HLat.c:   Dispose(lat->heap, ntab);
HLat.c:   Dispose(lat->heap, ntab);   
HLat.c:   Dispose(lat->heap, revlab);
HLM.c:   Dispose(&gstack,neTab);
HMem.c:   Dispose(x,v);
HMem.c:   Dispose(x,v);
HMem.c:   Dispose(x,v);
HMem.c:   Dispose(x,v);
HMem.c:      Dispose(x,(Ptr *)(v)-2);
HMem.c:   Dispose(x,m);
HMem.c:   Dispose(x,m);
HMem.c:      Dispose(x,(Ptr *)(m) - 2);
HMem.c:   Dispose(x,m);
HMem.c:      Dispose(x,(Ptr *)(m) - 2);
HMem.c:        Dispose(x, v->vecElems);
HMem.c:        Dispose(x, v);
HMem.c:        Dispose(x, m->matElems);
HMem.c:        Dispose(x, m);
HMem.c:        Dispose(x, v->vecElems);
HMem.c:        Dispose(x, v);
HMem.c:        Dispose(x, m->matElems);
HMem.c:        Dispose(x, m);
HMem.c:        Dispose(x, v->vecElems);
HMem.c:        Dispose(x, v->vecElems);
HMem.c:        Dispose(x, v);
HMem.c:        Dispose(x, m->matElems);
HMem.c:        Dispose(x, m->matElems);
HMem.c:        Dispose(x, m);
HModel.c:                        Dispose(&gstack, dhmm);
HModel.c:                        Dispose(&gstack, dhmm);
HModel.c:                    Dispose(&gstack, dhmm);
HModel.c:   Dispose(hset->hmem, hset->firstElem);
HNCache.c:    Dispose(&gstack, srcVals);
HNet.c:   Dispose(lat->heap,lat);
HNet.c:            Dispose(lat->heap, la->lAlign); 
HNet.c:    Dispose(lat->heap, lat->larcs);
HNet.c:            Dispose(lat->heap, ln->tag);
HNet.c:    Dispose(lat->heap, lat->net);
HNet.c:    Dispose(lat->heap, lat->hmms);
HNet.c:    Dispose(lat->heap, lat->vocab);
HNet.c:    Dispose(lat->heap, lat->utterance);
HNet.c:    Dispose(lat->heap, lat);
HNet.c:   Dispose(&gstack,order);
HNet.c:        Dispose(heap, lat);
HNet.c:                    Dispose(heap, lat);
HNet.c:                    Dispose(heap, lat);
HNet.c:                                    Dispose(heap, lat);
HNet.c:                    Dispose(heap, lat);
HNet.c:                    Dispose(heap, lat);
HNet.c:                                Dispose(heap, lat);
HNet.c:                                Dispose(heap, lat);
HNet.c:                                Dispose(heap, lat);
HNet.c:                Dispose(heap, lat);
HNet.c:                Dispose(heap, lat);
HNet.c:        Dispose(heap, lat);
HNet.c:        Dispose(heap, lat);
HNet.c:            Dispose(heap, fLat); /*fLat points to 1st thing on heap*/
HNet.c:   Dispose(&gstack,newlat);
HNet.c:   Dispose(&gstack,temp+1);
HNet.c:      Dispose(&gstack,++pii);
HNet.c:      Dispose(heap,links);
HNet.c:      Dispose(heap,tptr);
HNet.c:         Dispose(heap,tptr);
HNet.c:   Dispose(heap,tptr);
HParm.c:   Dispose(&gstack,odata+1);
HParm.c:      Dispose(x, pbuf);
HParm.c:      Dispose(x, pbuf);
HParm.c:   Dispose(pbuf->mem,pbuf);
HParm.c:         Dispose(&gstack,sp);
HRec.c:   Dispose(&pri->alignHeap,align);
HRec.c:      Dispose(&pri->rPthHeap,pth);
HRec.c:   Dispose(&pri->pathHeap,path);
HRec.c:         Dispose(&pri->rTokHeap,cur->set);
HRec.c:      Dispose(&pri->rTokHeap,inst->exit->set);
HRec.c:   Dispose(pri->stHeap+pri->psi->stHeapIdx[n],inst->state);
HRec.c:   Dispose(pri->stHeap+pri->psi->stHeapIdx[1],inst->exit);
HRec.c:   Dispose(&pri->instHeap,inst);
HRec.c:            Dispose(&vri->heap,pri->qsa);
HRec.c:   Dispose(&gstack,order);
HRec.c:   ans++;Dispose(&gstack,ans);
HUtil.c:      Dispose(&itemHeap,p);
HUtil.c:   Dispose(&setHeap,s.set+1);
HWave.c:   Dispose(w->mem, w);
HWave.c:      Dispose(w->mem,w->data);
HWave.c:      Dispose(&gstack,tmp);
HWave.c:   Dispose(w->mem, w);
